2020-12-26 18:18:30,005:logger:INFO:_main_: hcdata_crs Device Directory is Exist,So using the raw directory!
2020-12-26 18:18:30,005:logger:INFO:_main_: start time:2020-12-26 18:18:30.003306!
2020-12-26 18:18:31,987:logger:INFO:Waiting for all subprocesses done...
2020-12-26 18:18:44,571:logger:INFO:login_and_execcommand:rtp-crs connect success!!!!
2020-12-26 18:19:12,598:logger:WARNING:login_and_execcommand: rtp-crs%admin_show_environment_fans%2020-12-26-18-18.txt-cisco_xr_admin_show_environment_fans.textfsm template error!
2020-12-26 18:19:12,824:logger:INFO:_main_: Total execution time:0:00:42.821223!
2020-12-26 18:19:12,825:logger:INFO:mv_files: admin_show_environment_fans directory is exists!!!
2020-12-26 18:19:12,825:logger:INFO:mv_files: admin_show_environment_power-supply directory is exists!!!
2020-12-26 18:19:12,825:logger:INFO:mv_files: admin_show_environment_led_location_all directory is exists!!!
2020-12-26 18:19:12,825:logger:INFO:mv_files: admin_show_platform directory is exists!!!
2020-12-26 18:19:12,825:logger:INFO:mv_files: admin_show_hw-module_fpd_location_all directory is exists!!!
2020-12-26 18:19:12,825:logger:INFO:mv_files: admin_show_controllers_fabric_plane_all_detail directory is exists!!!
2020-12-26 18:19:12,825:logger:INFO:mv_files: admin_show_controllers_fabric_connectivity_all_detail directory is exists!!!
2020-12-26 18:19:12,825:logger:INFO:mv_files: admin_show_controllers_fabric_plane_all_statistics directory is exists!!!
2020-12-26 18:19:12,825:logger:INFO:mv_files: admin_dir_disk0_location_all directory is exists!!!
2020-12-26 18:19:12,825:logger:INFO:mv_files: admin_dir_harddisk_location_all directory is exists!!!
2020-12-26 18:19:12,826:logger:INFO:mv_files: admin_show_install_active_summary directory is exists!!!
2020-12-26 18:19:12,826:logger:INFO:mv_files: admin_show_install_active_summary_smu directory is exists!!!
2020-12-26 18:19:12,826:logger:INFO:mv_files: admin_show_install_active_summary_base directory is exists!!!
2020-12-26 18:19:12,826:logger:INFO:mv_files: show_ntp_status directory is exists!!!
2020-12-26 18:19:12,826:logger:INFO:mv_files: admin_show_redundancy directory is exists!!!
2020-12-26 18:19:12,826:logger:INFO:mv_files: show_redundancy_summary directory is exists!!!
2020-12-26 18:19:12,826:logger:INFO:mv_files: show_placement_reoptimize directory is exists!!!
2020-12-26 18:19:12,826:logger:INFO:mv_files: admin_show_controllers_fabric_bundle_all_detail directory is exists!!!
2020-12-26 18:19:12,826:logger:INFO:mv_files: show_context_location_all directory is exists!!!
2020-12-26 18:19:12,826:logger:INFO:mv_files: show_processes_aborts_location_all directory is exists!!!
2020-12-26 18:19:12,826:logger:INFO:mv_files: show_processes_cpu directory is exists!!!
2020-12-26 18:19:12,827:logger:INFO:mv_files: show_processes_blocked_location_all directory is exists!!!
2020-12-26 18:19:12,827:logger:INFO:mv_files: show_memory_summary_location_all directory is exists!!!
2020-12-26 18:19:12,827:logger:INFO:mv_files: show_processes_memory_location_all directory is exists!!!
2020-12-26 18:19:12,827:logger:INFO:mv_files: show_clock directory is exists!!!
2020-12-26 18:19:12,827:logger:INFO:mv_files: show_running_hostname directory is exists!!!
2020-12-26 18:19:12,827:logger:INFO:mv_files: admin_show_environment_power-supply_old directory is exists!!!
2020-12-26 18:19:12,846:logger:INFO:mv_files: all files moved success
