2020-12-26 18:20:20,515:logger:INFO:_main_: hcdata_crs Device Directory is Exist,So using the raw directory!
2020-12-26 18:20:20,516:logger:INFO:_main_: start time:2020-12-26 18:20:20.513244!
2020-12-26 18:20:22,550:logger:INFO:Waiting for all subprocesses done...
2020-12-26 18:20:35,151:logger:INFO:login_and_execcommand:rtp-crs connect success!!!!
2020-12-26 18:21:13,190:logger:INFO:login_and_execcommand: rtp-crs-admin show environment fans exec ok and write completed!
2020-12-26 18:21:30,203:logger:INFO:login_and_execcommand: rtp-crs-admin show environment power-supplyold exec ok and write completed!
2020-12-26 18:21:47,218:logger:INFO:login_and_execcommand: rtp-crs-admin show environment led location all exec ok and write completed!
2020-12-26 18:22:04,232:logger:INFO:login_and_execcommand: rtp-crs-admin show platform exec ok and write completed!
2020-12-26 18:22:27,270:logger:INFO:login_and_execcommand: rtp-crs-admin show hw-module fpd location all exec ok and write completed!
2020-12-26 18:22:44,291:logger:INFO:login_and_execcommand: rtp-crs-admin show controllers fabric plane all detail exec ok and write completed!
2020-12-26 18:23:01,307:logger:INFO:login_and_execcommand: rtp-crs-admin show controllers fabric connectivity all detail exec ok and write completed!
2020-12-26 18:23:18,322:logger:INFO:login_and_execcommand: rtp-crs-admin show controllers fabric plane all statistics exec ok and write completed!
2020-12-26 18:23:35,334:logger:INFO:login_and_execcommand: rtp-crs-admin dir disk0: location all | in "free|node:" exec ok and write completed!
2020-12-26 18:23:52,340:logger:INFO:login_and_execcommand: rtp-crs-admin dir harddisk: location all | in "free|node:" exec ok and write completed!
2020-12-26 18:24:11,351:logger:INFO:login_and_execcommand: rtp-crs-admin show install active summary exec ok and write completed!
2020-12-26 18:24:20,359:logger:WARNING:login_and_execcommand: rtp-crs_admin show install active summary | in CSC exec ok but no record match the template. the json can not create!!!!
2020-12-26 18:24:39,370:logger:INFO:login_and_execcommand: rtp-crs-admin show install active summary | exclude CSC exec ok and write completed!
2020-12-26 18:24:56,376:logger:INFO:login_and_execcommand: rtp-crs-show ntp status exec ok and write completed!
2020-12-26 18:25:03,386:logger:WARNING:login_and_execcommand: rtp-crs_admin show redundancy exec ok but no record match the template. the json can not create!!!!
2020-12-26 18:25:20,396:logger:INFO:login_and_execcommand: rtp-crs-admin show redundancy summary exec ok and write completed!
2020-12-26 18:25:37,409:logger:INFO:login_and_execcommand: rtp-crs-show placement reoptimize exec ok and write completed!
2020-12-26 18:25:44,421:logger:WARNING:login_and_execcommand: rtp-crs_admin show controllers fabric bundle all detail exec ok but no record match the template. the json can not create!!!!
2020-12-26 18:25:51,431:logger:WARNING:login_and_execcommand: rtp-crs_show context location all exec ok but no record match the template. the json can not create!!!!
2020-12-26 18:26:08,442:logger:WARNING:login_and_execcommand: rtp-crs_show processes aborts location all exec ok but no record match the template. the json can not create!!!!
2020-12-26 18:26:25,490:logger:INFO:login_and_execcommand: rtp-crs-show processes cpu exec ok and write completed!
2020-12-26 18:27:46,554:logger:INFO:login_and_execcommand: rtp-crs-show processes blocked location all exec ok and write completed!
2020-12-26 18:28:11,574:logger:INFO:login_and_execcommand: rtp-crs-show memory summary location all exec ok and write completed!
2020-12-26 18:28:34,838:logger:INFO:login_and_execcommand: rtp-crs-show processes memory location all exec ok and write completed!
2020-12-26 18:28:48,883:logger:WARNING:Import_es_new:rtp-crs there are 19 Json file, but 5 Json file is not exist!
2020-12-26 18:28:49,217:logger:INFO:Import_es_new:rtp-crs--rtp-crs%admin_show_environment_fans%2020-12-26-18-20.json import to ES OK!
2020-12-26 18:28:50,019:logger:INFO:Import_es_new:rtp-crs--rtp-crs%admin_show_environment_power-supply_old%2020-12-26-18-20.json import to ES OK!
2020-12-26 18:28:50,935:logger:INFO:Import_es_new:rtp-crs--rtp-crs%admin_show_environment_led_location_all%2020-12-26-18-20.json import to ES OK!
2020-12-26 18:28:51,164:logger:INFO:Import_es_new:rtp-crs--rtp-crs%admin_show_platform%2020-12-26-18-20.json import to ES OK!
2020-12-26 18:28:52,164:logger:INFO:Import_es_new:rtp-crs--rtp-crs%admin_show_hw-module_fpd_location_all%2020-12-26-18-20.json import to ES OK!
2020-12-26 18:28:52,870:logger:INFO:Import_es_new:rtp-crs--rtp-crs%admin_show_controllers_fabric_plane_all_detail%2020-12-26-18-20.json import to ES OK!
2020-12-26 18:28:53,701:logger:INFO:Import_es_new:rtp-crs--rtp-crs%admin_show_controllers_fabric_connectivity_all_detail%2020-12-26-18-20.json import to ES OK!
2020-12-26 18:28:54,381:logger:INFO:Import_es_new:rtp-crs--rtp-crs%admin_show_controllers_fabric_plane_all_statistics%2020-12-26-18-20.json import to ES OK!
2020-12-26 18:28:55,057:logger:INFO:Import_es_new:rtp-crs--rtp-crs%admin_dir_disk0_location_all%2020-12-26-18-20.json import to ES OK!
2020-12-26 18:28:55,850:logger:INFO:Import_es_new:rtp-crs--rtp-crs%admin_dir_harddisk_location_all%2020-12-26-18-20.json import to ES OK!
2020-12-26 18:28:56,773:logger:INFO:Import_es_new:rtp-crs--rtp-crs%admin_show_install_active_summary%2020-12-26-18-20.json import to ES OK!
2020-12-26 18:28:56,774:logger:WARNING:Import_es_new:rtp-crs--admin show install active summary smu Json file is not exist!
2020-12-26 18:28:57,384:logger:INFO:Import_es_new:rtp-crs--rtp-crs%admin_show_install_active_summary_base%2020-12-26-18-20.json import to ES OK!
2020-12-26 18:28:58,021:logger:INFO:Import_es_new:rtp-crs--rtp-crs%show_ntp_status%2020-12-26-18-20.json import to ES OK!
2020-12-26 18:28:58,022:logger:WARNING:Import_es_new:rtp-crs--admin show redundancy Json file is not exist!
2020-12-26 18:28:59,137:logger:INFO:Import_es_new:rtp-crs--rtp-crs%show_redundancy_summary%2020-12-26-18-20.json import to ES OK!
2020-12-26 18:28:59,844:logger:INFO:Import_es_new:rtp-crs--rtp-crs%show_placement_reoptimize%2020-12-26-18-20.json import to ES OK!
2020-12-26 18:28:59,845:logger:WARNING:Import_es_new:rtp-crs--admin show controllers fabric bundle all detail Json file is not exist!
2020-12-26 18:28:59,846:logger:WARNING:Import_es_new:rtp-crs--show context location all Json file is not exist!
2020-12-26 18:28:59,847:logger:WARNING:Import_es_new:rtp-crs--show processes aborts location all Json file is not exist!
2020-12-26 18:29:01,074:logger:INFO:Import_es_new:rtp-crs--rtp-crs%show_processes_cpu%2020-12-26-18-20.json import to ES OK!
2020-12-26 18:29:01,994:logger:INFO:Import_es_new:rtp-crs--rtp-crs%show_processes_blocked_location_all%2020-12-26-18-20.json import to ES OK!
2020-12-26 18:29:02,916:logger:INFO:Import_es_new:rtp-crs--rtp-crs%show_memory_summary_location_all%2020-12-26-18-20.json import to ES OK!
2020-12-26 18:29:03,837:logger:INFO:Import_es_new:rtp-crs--rtp-crs%show_processes_memory_location_all%2020-12-26-18-20.json import to ES OK!
2020-12-26 18:29:04,180:logger:INFO:_main_: Total execution time:0:08:43.666674!
2020-12-26 18:29:04,180:logger:INFO:mv_files: admin_show_environment_fans directory is exists!!!
2020-12-26 18:29:04,180:logger:INFO:mv_files: admin_show_environment_power-supply directory is exists!!!
2020-12-26 18:29:04,181:logger:INFO:mv_files: admin_show_environment_led_location_all directory is exists!!!
2020-12-26 18:29:04,181:logger:INFO:mv_files: admin_show_platform directory is exists!!!
2020-12-26 18:29:04,181:logger:INFO:mv_files: admin_show_hw-module_fpd_location_all directory is exists!!!
2020-12-26 18:29:04,181:logger:INFO:mv_files: admin_show_controllers_fabric_plane_all_detail directory is exists!!!
2020-12-26 18:29:04,181:logger:INFO:mv_files: admin_show_controllers_fabric_connectivity_all_detail directory is exists!!!
2020-12-26 18:29:04,181:logger:INFO:mv_files: admin_show_controllers_fabric_plane_all_statistics directory is exists!!!
2020-12-26 18:29:04,181:logger:INFO:mv_files: admin_dir_disk0_location_all directory is exists!!!
2020-12-26 18:29:04,181:logger:INFO:mv_files: admin_dir_harddisk_location_all directory is exists!!!
2020-12-26 18:29:04,181:logger:INFO:mv_files: admin_show_install_active_summary directory is exists!!!
2020-12-26 18:29:04,181:logger:INFO:mv_files: admin_show_install_active_summary_smu directory is exists!!!
2020-12-26 18:29:04,182:logger:INFO:mv_files: admin_show_install_active_summary_base directory is exists!!!
2020-12-26 18:29:04,182:logger:INFO:mv_files: show_ntp_status directory is exists!!!
2020-12-26 18:29:04,182:logger:INFO:mv_files: admin_show_redundancy directory is exists!!!
2020-12-26 18:29:04,182:logger:INFO:mv_files: show_redundancy_summary directory is exists!!!
2020-12-26 18:29:04,182:logger:INFO:mv_files: show_placement_reoptimize directory is exists!!!
2020-12-26 18:29:04,182:logger:INFO:mv_files: admin_show_controllers_fabric_bundle_all_detail directory is exists!!!
2020-12-26 18:29:04,182:logger:INFO:mv_files: show_context_location_all directory is exists!!!
2020-12-26 18:29:04,182:logger:INFO:mv_files: show_processes_aborts_location_all directory is exists!!!
2020-12-26 18:29:04,183:logger:INFO:mv_files: show_processes_cpu directory is exists!!!
2020-12-26 18:29:04,183:logger:INFO:mv_files: show_processes_blocked_location_all directory is exists!!!
2020-12-26 18:29:04,191:logger:INFO:mv_files: show_memory_summary_location_all directory is exists!!!
2020-12-26 18:29:04,191:logger:INFO:mv_files: show_processes_memory_location_all directory is exists!!!
2020-12-26 18:29:04,191:logger:INFO:mv_files: show_clock directory is exists!!!
2020-12-26 18:29:04,191:logger:INFO:mv_files: show_running_hostname directory is exists!!!
2020-12-26 18:29:04,191:logger:INFO:mv_files: admin_show_environment_power-supply_old directory is exists!!!
2020-12-26 18:29:04,230:logger:INFO:mv_files: all files moved success
