2020-12-26 17:01:39,314:logger:INFO:_main_: hcdata_ncs Device Directory is Exist,So using the raw directory!
2020-12-26 17:01:39,314:logger:INFO:_main_: start time:2020-12-26 17:01:39.312134!
2020-12-26 17:01:41,327:logger:INFO:Waiting for all subprocesses done...
2020-12-26 17:01:54,115:logger:INFO:login_and_execcommand:rtp-ncs1 connect success!!!!
2020-12-26 17:02:08,325:logger:INFO:_main_: Total execution time:0:00:29.013514!
2020-12-26 17:02:08,326:logger:INFO:mv_files: show_processes_cpu_location_00 directory is exists!!!
2020-12-26 17:02:08,326:logger:INFO:mv_files: show_processes_cpu_location_01 directory is exists!!!
2020-12-26 17:02:08,326:logger:INFO:mv_files: show_processes_cpu_location_10 directory is exists!!!
2020-12-26 17:02:08,326:logger:INFO:mv_files: show_processes_cpu_location_11 directory is exists!!!
2020-12-26 17:02:08,326:logger:INFO:mv_files: show_processes_cpu_location_20 directory is exists!!!
2020-12-26 17:02:08,326:logger:INFO:mv_files: show_processes_cpu_location_21 directory is exists!!!
2020-12-26 17:02:08,327:logger:INFO:mv_files: show_processes_memory_location_all directory is exists!!!
2020-12-26 17:02:08,327:logger:INFO:mv_files: show_memory_summary_location_all directory is exists!!!
2020-12-26 17:02:08,327:logger:INFO:mv_files: show_processes_blocked_location_all directory is exists!!!
2020-12-26 17:02:08,327:logger:INFO:mv_files: show_processes_aborts_location_all directory is exists!!!
2020-12-26 17:02:08,327:logger:INFO:mv_files: admin_show_install_active_summary directory is exists!!!
2020-12-26 17:02:08,327:logger:INFO:mv_files: admin_show_install_inactive_summary directory is exists!!!
2020-12-26 17:02:08,327:logger:INFO:mv_files: admin_show_install_superseded_summary directory is exists!!!
2020-12-26 17:02:08,327:logger:INFO:mv_files: show_install_active_summary directory is exists!!!
2020-12-26 17:02:08,327:logger:INFO:mv_files: show_install_inactive_summary directory is exists!!!
2020-12-26 17:02:08,327:logger:INFO:mv_files: show_install_superseded_summary directory is exists!!!
2020-12-26 17:02:08,327:logger:INFO:mv_files: admin_show_platform directory is exists!!!
2020-12-26 17:02:08,328:logger:INFO:mv_files: admin_show_platform_slice directory is exists!!!
2020-12-26 17:02:08,328:logger:INFO:mv_files: show_context_location_all directory is exists!!!
2020-12-26 17:02:08,328:logger:INFO:mv_files: admin_show_environment_fan_ft directory is exists!!!
2020-12-26 17:02:08,328:logger:INFO:mv_files: admin_show_environment_fan_pt directory is exists!!!
2020-12-26 17:02:08,328:logger:INFO:mv_files: admin_show_environment_power directory is exists!!!
2020-12-26 17:02:08,328:logger:INFO:mv_files: admin_show_led directory is exists!!!
2020-12-26 17:02:08,328:logger:INFO:mv_files: admin_show_hw-module_fpd directory is exists!!!
2020-12-26 17:02:08,328:logger:INFO:mv_files: show_ntp_status directory is exists!!!
2020-12-26 17:02:08,328:logger:INFO:mv_files: admin_dir_harddisk_location_all directory is exists!!!
2020-12-26 17:02:08,328:logger:INFO:mv_files: admin_dir_disk0_location_all directory is exists!!!
2020-12-26 17:02:08,328:logger:INFO:mv_files: admin_dir_rootfs_location_all directory is exists!!!
2020-12-26 17:02:08,329:logger:INFO:mv_files: show_placement_reoptimize directory is exists!!!
2020-12-26 17:02:08,336:logger:INFO:mv_files: show_redundancy_summary directory is exists!!!
2020-12-26 17:02:08,336:logger:INFO:mv_files: admin_show_controller_fabric_plane_all_detail directory is exists!!!
2020-12-26 17:02:08,337:logger:INFO:mv_files: admin_show_controller_fabric_plane_all_statistics directory is exists!!!
2020-12-26 17:02:08,337:logger:INFO:mv_files: admin_show_controller_fabric_bundle_all_detail directory is exists!!!
2020-12-26 17:02:08,337:logger:INFO:mv_files: admin_show_alarms_brief directory is exists!!!
2020-12-26 17:02:08,338:logger:INFO:mv_files: admin_show_vm directory is exists!!!
2020-12-26 17:02:08,338:logger:INFO:mv_files: admin_show_sdr_default-sdr_pairing directory is exists!!!
2020-12-26 17:02:08,338:logger:INFO:mv_files: admin_show_chassis directory is exists!!!
2020-12-26 17:02:08,338:logger:INFO:mv_files: admin_show_controller_fabric_link_port_s3_rx_state_down directory is exists!!!
2020-12-26 17:02:08,338:logger:INFO:mv_files: admin_show_controller_fabric_link_port_s2_rx_state_down directory is exists!!!
2020-12-26 17:02:08,339:logger:INFO:mv_files: admin_show_controller_fabric_sfe_s13_all directory is exists!!!
2020-12-26 17:02:08,339:logger:INFO:mv_files: admin_show_controller_fabric_sfe_s2_all directory is exists!!!
2020-12-26 17:02:08,339:logger:INFO:mv_files: admin_show_controller_fabric_sfe_fia_all directory is exists!!!
2020-12-26 17:02:08,339:logger:INFO:mv_files: show_health_gsp_location_00 directory is exists!!!
2020-12-26 17:02:08,339:logger:INFO:mv_files: show_health_gsp_location_01 directory is exists!!!
2020-12-26 17:02:08,339:logger:INFO:mv_files: show_health_gsp_location_10 directory is exists!!!
2020-12-26 17:02:08,339:logger:INFO:mv_files: show_health_gsp_location_11 directory is exists!!!
2020-12-26 17:02:08,339:logger:INFO:mv_files: show_health_gsp_location_20 directory is exists!!!
2020-12-26 17:02:08,341:logger:INFO:mv_files: show_health_gsp_location_21 directory is exists!!!
2020-12-26 17:02:08,341:logger:INFO:mv_files: show_health_sysdb_location_00 directory is exists!!!
2020-12-26 17:02:08,341:logger:INFO:mv_files: show_health_sysdb_location_01 directory is exists!!!
2020-12-26 17:02:08,341:logger:INFO:mv_files: show_health_sysdb_location_10 directory is exists!!!
2020-12-26 17:02:08,341:logger:INFO:mv_files: show_health_sysdb_location_11 directory is exists!!!
2020-12-26 17:02:08,342:logger:INFO:mv_files: show_health_sysdb_location_20 directory is exists!!!
2020-12-26 17:02:08,342:logger:INFO:mv_files: show_health_sysdb_location_21 directory is exists!!!
2020-12-26 17:02:08,342:logger:INFO:mv_files: show_bgp_neighbors directory is exists!!!
2020-12-26 17:02:08,342:logger:INFO:mv_files: show_clock directory is exists!!!
2020-12-26 17:02:08,342:logger:INFO:mv_files: show_running_hostname directory is exists!!!
2020-12-26 17:02:08,342:logger:INFO:mv_files: admin_show_environment_power-supply_old directory is exists!!!
2020-12-26 17:02:08,372:logger:INFO:mv_files: all files moved success
