2021-01-05 18:19:15,785:logger:INFO:_main_: hcdata_a9k Device Directory is Exist,So using the raw directory!
2021-01-05 18:19:15,786:logger:INFO:_main_: start time:2021-01-05 18:19:15.781777!
2021-01-05 18:19:15,804:logger:INFO:Waiting for all subprocesses done...
2021-01-05 18:19:18,233:logger:WARNING:login_and_execcommand:asr9001 reconnecting....
2021-01-05 18:19:20,565:logger:WARNING:login_and_execcommand:asr9001 reconnecting....
2021-01-05 18:19:22,905:logger:WARNING:login_and_execcommand:asr9001 reconnecting....
2021-01-05 18:19:22,906:logger:CRITICAL:login_and_execcommand:asr9001 connect failed
2021-01-05 18:19:22,918:logger:INFO:_main_: Total execution time:0:00:07.136542!
2021-01-05 18:19:22,919:logger:INFO:mv_files: admin_show_environment_fans directory is exists!!!
2021-01-05 18:19:22,920:logger:INFO:mv_files: admin_show_environment_power-supply directory is exists!!!
2021-01-05 18:19:22,920:logger:INFO:mv_files: show_environment_leds_details_location_all directory is exists!!!
2021-01-05 18:19:22,920:logger:INFO:mv_files: admin_show_platform directory is exists!!!
2021-01-05 18:19:22,920:logger:INFO:mv_files: admin_show_hw-module_fpd_location_all directory is exists!!!
2021-01-05 18:19:22,920:logger:INFO:mv_files: admin_dir_disk0_location_all directory is exists!!!
2021-01-05 18:19:22,920:logger:INFO:mv_files: admin_dir_harddisk_location_all directory is exists!!!
2021-01-05 18:19:22,921:logger:INFO:mv_files: admin_show_install_active_summary_smu directory is exists!!!
2021-01-05 18:19:22,922:logger:INFO:mv_files: admin_show_install_active_summary_base directory is exists!!!
2021-01-05 18:19:22,922:logger:INFO:mv_files: ad_show_install_active_summary directory is exists!!!
2021-01-05 18:19:22,922:logger:INFO:mv_files: admin_show_install_inactive_summary directory is exists!!!
2021-01-05 18:19:22,922:logger:INFO:mv_files: admin_show_install_commit_summary directory is exists!!!
2021-01-05 18:19:22,922:logger:INFO:mv_files: admin_show_install_superceded directory is exists!!!
2021-01-05 18:19:22,923:logger:INFO:mv_files: show_ntp_status directory is exists!!!
2021-01-05 18:19:22,923:logger:INFO:mv_files: admin_show_redundancy directory is exists!!!
2021-01-05 18:19:22,923:logger:INFO:mv_files: show_redundancy_summary directory is exists!!!
2021-01-05 18:19:22,923:logger:INFO:mv_files: show_context_location_all directory is exists!!!
2021-01-05 18:19:22,923:logger:INFO:mv_files: show_processes_aborts_location_all directory is exists!!!
2021-01-05 18:19:22,923:logger:INFO:mv_files: show_processes_cpu directory is exists!!!
2021-01-05 18:19:22,924:logger:INFO:mv_files: show_processes_blocked_location_all directory is exists!!!
2021-01-05 18:19:22,924:logger:INFO:mv_files: show_processes_memory_location_all directory is exists!!!
2021-01-05 18:19:22,924:logger:INFO:mv_files: show_memory_summary_location_all directory is exists!!!
2021-01-05 18:19:22,924:logger:INFO:mv_files: show_pfm_location_all directory is exists!!!
2021-01-05 18:19:22,924:logger:INFO:mv_files: show_prm_server_tcam_summary_all_all_all directory is exists!!!
2021-01-05 18:19:22,924:logger:INFO:mv_files: admin_show_variables_boot_location_all directory is exists!!!
2021-01-05 18:19:22,925:logger:INFO:mv_files: show_controllers_backplane_ethernet_links_location_0 directory is exists!!!
2021-01-05 18:19:22,925:logger:INFO:mv_files: show_controllers_backplane_ethernet_links_location_1 directory is exists!!!
2021-01-05 18:19:22,925:logger:INFO:mv_files: show_health_gsp_location_1 directory is exists!!!
2021-01-05 18:19:22,925:logger:INFO:mv_files: show_health_gsp_location_0 directory is exists!!!
2021-01-05 18:19:22,925:logger:INFO:mv_files: show_bgp_vrf_all_neighbors_prefix directory is exists!!!
2021-01-05 18:19:22,925:logger:INFO:mv_files: sh_bgp_vrf_all_neighbors directory is exists!!!
2021-01-05 18:19:22,925:logger:INFO:mv_files: show_bgp_neighbors directory is exists!!!
2021-01-05 18:19:22,925:logger:INFO:mv_files: sh_bgp_neighbors_prefix directory is exists!!!
2021-01-05 18:19:22,926:logger:INFO:mv_files: admin_show_environment_temperature directory is exists!!!
2021-01-05 18:19:22,926:logger:INFO:mv_files: show_clock directory is exists!!!
2021-01-05 18:19:22,926:logger:INFO:mv_files: show_running_hostname directory is exists!!!
2021-01-05 18:19:22,926:logger:INFO:mv_files: admin_show_environment_power-supply_old directory is exists!!!
2021-01-05 18:19:22,947:logger:INFO:mv_files: all files moved success
2021-01-05 18:19:55,330:logger:INFO:_main_: hcdata_a9k Device Directory is Exist,So using the raw directory!
2021-01-05 18:19:55,331:logger:INFO:_main_: start time:2021-01-05 18:19:55.328575!
2021-01-05 18:19:55,344:logger:INFO:Waiting for all subprocesses done...
2021-01-05 18:19:57,691:logger:WARNING:login_and_execcommand:asr9001 reconnecting....
2021-01-05 18:19:59,831:logger:WARNING:login_and_execcommand:asr9001 reconnecting....
2021-01-05 18:20:02,216:logger:WARNING:login_and_execcommand:asr9001 reconnecting....
2021-01-05 18:20:02,217:logger:CRITICAL:login_and_execcommand:asr9001 connect failed
2021-01-05 18:20:02,276:logger:INFO:_main_: Total execution time:0:00:06.947337!
2021-01-05 18:20:02,276:logger:INFO:mv_files: admin_show_environment_fans directory is exists!!!
2021-01-05 18:20:02,277:logger:INFO:mv_files: admin_show_environment_power-supply directory is exists!!!
2021-01-05 18:20:02,277:logger:INFO:mv_files: show_environment_leds_details_location_all directory is exists!!!
2021-01-05 18:20:02,277:logger:INFO:mv_files: admin_show_platform directory is exists!!!
2021-01-05 18:20:02,277:logger:INFO:mv_files: admin_show_hw-module_fpd_location_all directory is exists!!!
2021-01-05 18:20:02,277:logger:INFO:mv_files: admin_dir_disk0_location_all directory is exists!!!
2021-01-05 18:20:02,278:logger:INFO:mv_files: admin_dir_harddisk_location_all directory is exists!!!
2021-01-05 18:20:02,278:logger:INFO:mv_files: admin_show_install_active_summary_smu directory is exists!!!
2021-01-05 18:20:02,278:logger:INFO:mv_files: admin_show_install_active_summary_base directory is exists!!!
2021-01-05 18:20:02,278:logger:INFO:mv_files: ad_show_install_active_summary directory is exists!!!
2021-01-05 18:20:02,278:logger:INFO:mv_files: admin_show_install_inactive_summary directory is exists!!!
2021-01-05 18:20:02,279:logger:INFO:mv_files: admin_show_install_commit_summary directory is exists!!!
2021-01-05 18:20:02,279:logger:INFO:mv_files: admin_show_install_superceded directory is exists!!!
2021-01-05 18:20:02,279:logger:INFO:mv_files: show_ntp_status directory is exists!!!
2021-01-05 18:20:02,279:logger:INFO:mv_files: admin_show_redundancy directory is exists!!!
2021-01-05 18:20:02,279:logger:INFO:mv_files: show_redundancy_summary directory is exists!!!
2021-01-05 18:20:02,288:logger:INFO:mv_files: show_context_location_all directory is exists!!!
2021-01-05 18:20:02,288:logger:INFO:mv_files: show_processes_aborts_location_all directory is exists!!!
2021-01-05 18:20:02,288:logger:INFO:mv_files: show_processes_cpu directory is exists!!!
2021-01-05 18:20:02,288:logger:INFO:mv_files: show_processes_blocked_location_all directory is exists!!!
2021-01-05 18:20:02,288:logger:INFO:mv_files: show_processes_memory_location_all directory is exists!!!
2021-01-05 18:20:02,289:logger:INFO:mv_files: show_memory_summary_location_all directory is exists!!!
2021-01-05 18:20:02,289:logger:INFO:mv_files: show_pfm_location_all directory is exists!!!
2021-01-05 18:20:02,289:logger:INFO:mv_files: show_prm_server_tcam_summary_all_all_all directory is exists!!!
2021-01-05 18:20:02,289:logger:INFO:mv_files: admin_show_variables_boot_location_all directory is exists!!!
2021-01-05 18:20:02,289:logger:INFO:mv_files: show_controllers_backplane_ethernet_links_location_0 directory is exists!!!
2021-01-05 18:20:02,289:logger:INFO:mv_files: show_controllers_backplane_ethernet_links_location_1 directory is exists!!!
2021-01-05 18:20:02,289:logger:INFO:mv_files: show_health_gsp_location_1 directory is exists!!!
2021-01-05 18:20:02,290:logger:INFO:mv_files: show_health_gsp_location_0 directory is exists!!!
2021-01-05 18:20:02,290:logger:INFO:mv_files: show_bgp_vrf_all_neighbors_prefix directory is exists!!!
2021-01-05 18:20:02,290:logger:INFO:mv_files: sh_bgp_vrf_all_neighbors directory is exists!!!
2021-01-05 18:20:02,290:logger:INFO:mv_files: show_bgp_neighbors directory is exists!!!
2021-01-05 18:20:02,290:logger:INFO:mv_files: sh_bgp_neighbors_prefix directory is exists!!!
2021-01-05 18:20:02,290:logger:INFO:mv_files: admin_show_environment_temperature directory is exists!!!
2021-01-05 18:20:02,291:logger:INFO:mv_files: show_clock directory is exists!!!
2021-01-05 18:20:02,291:logger:INFO:mv_files: show_running_hostname directory is exists!!!
2021-01-05 18:20:02,291:logger:INFO:mv_files: admin_show_environment_power-supply_old directory is exists!!!
2021-01-05 18:20:02,310:logger:INFO:mv_files: all files moved success
